TN:
SF:src/features/forecastapi/forecast-api.ts
FN:8,(anonymous_6)
FN:20,(anonymous_7)
FN:25,(anonymous_8)
FN:43,(anonymous_9)
FN:49,(anonymous_10)
FNF:5
FNH:5
FNDA:4,(anonymous_6)
FNDA:10,(anonymous_7)
FNDA:31,(anonymous_8)
FNDA:12,(anonymous_9)
FNDA:52,(anonymous_10)
DA:3,4
DA:8,4
DA:9,4
DA:13,4
DA:20,4
DA:21,10
DA:22,10
DA:23,10
DA:24,10
DA:25,31
DA:26,9
DA:27,8
DA:30,2
DA:32,2
DA:33,2
DA:43,4
DA:44,12
DA:45,12
DA:46,11
DA:47,11
DA:48,11
DA:49,52
DA:50,10
DA:51,9
DA:54,2
DA:56,3
DA:57,3
DA:62,4
LF:28
LH:28
BRDA:24,0,0,9
BRDA:26,1,0,8
BRDA:48,2,0,10
BRDA:50,3,0,9
BRDA:8,4,0,4
BRDA:8,4,1,4
BRF:6
BRH:6
end_of_record
TN:
SF:src/features/generic/time-utils.ts
FN:8,(anonymous_0)
FN:16,(anonymous_1)
FN:27,(anonymous_2)
FN:42,(anonymous_3)
FN:65,(anonymous_4)
FN:101,(anonymous_5)
FN:108,(anonymous_6)
FN:116,(anonymous_7)
FN:124,(anonymous_8)
FNF:9
FNH:9
FNDA:6,(anonymous_0)
FNDA:108,(anonymous_1)
FNDA:12,(anonymous_2)
FNDA:15,(anonymous_3)
FNDA:18,(anonymous_4)
FNDA:32,(anonymous_5)
FNDA:160,(anonymous_6)
FNDA:11,(anonymous_7)
FNDA:13,(anonymous_8)
DA:2,6
DA:8,6
DA:16,6
DA:17,108
DA:18,107
DA:19,107
DA:27,6
DA:28,12
DA:30,12
DA:31,12
DA:33,12
DA:42,6
DA:43,15
DA:45,14
DA:46,14
DA:47,14
DA:48,14
DA:49,14
DA:51,14
DA:65,6
DA:66,18
DA:68,17
DA:69,17
DA:70,4
DA:73,17
DA:74,17
DA:76,17
DA:77,17
DA:78,8
DA:81,17
DA:82,1
DA:85,17
DA:101,6
DA:108,32
DA:109,160
DA:114,31
DA:116,11
DA:124,6
DA:125,13
DA:126,13
DA:128,13
DA:129,13
DA:131,13
DA:132,13
DA:133,13
DA:136,13
DA:145,6
LF:47
LH:47
BRDA:69,0,0,4
BRDA:77,1,0,8
BRDA:81,2,0,1
BRDA:109,3,0,160
BRDA:109,3,1,21
BRDA:109,3,2,6
BRDA:114,4,0,25
BRDA:131,5,0,13
BRDA:8,6,0,6
BRDA:8,6,1,6
BRF:10
BRH:10
end_of_record
TN:
SF:src/features/slackapi/slackapi-utils.ts
FN:10,(anonymous_1)
FN:21,(anonymous_2)
FN:41,(anonymous_3)
FN:86,(anonymous_4)
FN:135,(anonymous_5)
FN:145,(anonymous_6)
FN:178,(anonymous_7)
FN:188,(anonymous_8)
FNF:8
FNH:8
FNDA:3,(anonymous_1)
FNDA:11,(anonymous_2)
FNDA:7,(anonymous_3)
FNDA:6,(anonymous_4)
FNDA:3,(anonymous_5)
FNDA:7,(anonymous_6)
FNDA:2,(anonymous_7)
FNDA:6,(anonymous_8)
DA:2,3
DA:4,3
DA:5,3
DA:10,3
DA:12,3
DA:21,3
DA:22,11
DA:23,11
DA:24,11
DA:25,9
DA:27,2
DA:29,2
DA:30,2
DA:41,3
DA:42,7
DA:44,7
DA:51,7
DA:56,7
DA:58,7
DA:66,7
DA:86,3
DA:87,6
DA:89,6
DA:90,6
DA:97,6
DA:102,6
DA:104,6
DA:113,6
DA:135,3
DA:140,3
DA:142,3
DA:145,3
DA:146,7
DA:148,7
DA:149,7
DA:151,7
DA:153,7
DA:154,5
DA:160,5
DA:162,0
DA:163,0
DA:167,3
DA:178,3
DA:183,2
DA:184,2
DA:186,2
DA:188,2
DA:189,6
DA:191,6
DA:192,6
DA:194,6
DA:196,6
DA:197,4
DA:203,4
DA:205,0
DA:206,0
DA:207,0
DA:211,2
DA:215,3
LF:59
LH:54
BRDA:24,0,0,9
BRDA:60,1,0,7
BRDA:60,1,1,0
BRDA:63,2,0,5
BRDA:63,2,1,2
BRDA:110,3,0,2
BRDA:110,3,1,4
BRDA:153,4,0,5
BRDA:153,5,0,7
BRDA:153,5,1,5
BRDA:153,5,2,5
BRDA:196,6,0,4
BRDA:196,7,0,6
BRDA:196,7,1,4
BRDA:196,7,2,4
BRDA:10,8,0,3
BRDA:10,8,1,3
BRF:17
BRH:16
end_of_record
TN:
SF:src/features/timebank/timebank-API-provider.ts
FN:7,(anonymous_0)
FN:15,(anonymous_1)
FN:21,(anonymous_2)
FN:36,(anonymous_3)
FN:58,(anonymous_4)
FN:62,(anonymous_5)
FNF:6
FNH:6
FNDA:4,(anonymous_0)
FNDA:13,(anonymous_1)
FNDA:34,(anonymous_2)
FNDA:12,(anonymous_3)
FNDA:10,(anonymous_4)
FNDA:8,(anonymous_5)
DA:2,4
DA:7,4
DA:8,4
DA:15,4
DA:16,13
DA:17,13
DA:18,13
DA:19,1
DA:21,34
DA:23,1
DA:24,1
DA:36,4
DA:37,12
DA:38,12
DA:39,11
DA:40,10
DA:42,1
DA:44,2
DA:45,2
DA:58,4
DA:59,10
DA:60,10
DA:61,9
DA:62,8
DA:64,8
DA:65,8
DA:66,8
DA:67,8
DA:76,1
DA:78,2
DA:79,2
DA:84,4
LF:32
LH:32
BRDA:18,0,0,1
BRDA:39,1,0,10
BRDA:61,2,0,8
BRDA:62,3,0,8
BRDA:62,3,1,8
BRDA:66,4,0,8
BRDA:7,5,0,4
BRDA:7,5,1,4
BRF:8
BRH:8
end_of_record
TN:
SF:src/features/timebank/timebank-utils.ts
FN:8,(anonymous_0)
FN:18,(anonymous_1)
FN:23,(anonymous_2)
FN:27,(anonymous_3)
FN:28,(anonymous_4)
FN:55,(anonymous_5)
FN:56,(anonymous_6)
FN:57,(anonymous_7)
FNF:8
FNH:8
FNDA:3,(anonymous_0)
FNDA:3,(anonymous_1)
FNDA:7,(anonymous_2)
FNDA:19,(anonymous_3)
FNDA:13,(anonymous_4)
FNDA:2,(anonymous_5)
FNDA:6,(anonymous_6)
FNDA:12,(anonymous_7)
DA:8,3
DA:18,3
DA:23,3
DA:24,7
DA:25,7
DA:27,19
DA:28,13
DA:29,7
DA:31,7
DA:32,7
DA:55,3
DA:56,2
DA:57,12
DA:59,6
DA:64,3
LF:15
LH:15
BRDA:31,0,0,7
BRDA:59,1,0,6
BRDA:59,1,1,0
BRDA:8,2,0,3
BRDA:8,2,1,3
BRF:5
BRH:4
end_of_record
TN:
SF:src/functions/schema.ts
FN:62,(anonymous_0)
FNF:1
FNH:1
FNDA:3,(anonymous_0)
DA:7,3
DA:62,3
DA:63,3
DA:64,3
DA:65,3
DA:66,3
LF:6
LH:6
BRDA:62,0,0,3
BRDA:62,0,1,3
BRF:2
BRH:2
end_of_record
TN:
SF:src/functions/sendDailyMessage/handler.ts
FN:18,(anonymous_1)
FNF:1
FNH:1
FNDA:8,(anonymous_1)
DA:1,2
DA:2,2
DA:5,2
DA:6,2
DA:7,2
DA:9,2
DA:10,2
DA:18,2
DA:19,8
DA:20,8
DA:21,8
DA:23,8
DA:24,7
DA:25,6
DA:26,5
DA:28,4
DA:30,4
DA:31,8
DA:34,3
DA:35,3
DA:37,3
DA:43,5
DA:50,2
LF:23
LH:23
BRF:0
BRH:0
end_of_record
TN:
SF:src/functions/sendWeeklyMessage/handler.ts
FN:16,(anonymous_1)
FNF:1
FNH:1
FNDA:4,(anonymous_1)
DA:1,2
DA:2,2
DA:3,2
DA:4,2
DA:5,2
DA:6,2
DA:7,2
DA:8,2
DA:16,2
DA:17,4
DA:18,4
DA:19,4
DA:21,4
DA:22,4
DA:23,3
DA:24,3
DA:26,3
DA:27,3
DA:29,3
DA:30,7
DA:33,2
DA:35,2
DA:37,2
DA:43,2
DA:50,2
LF:25
LH:25
BRF:0
BRH:0
end_of_record
TN:
SF:src/libs/api-gateway.ts
FN:20,(anonymous_0)
FNF:1
FNH:1
FNDA:12,(anonymous_0)
DA:20,3
DA:21,12
LF:2
LH:2
BRF:0
BRH:0
end_of_record
TN:
SF:src/libs/lambda.ts
FN:10,(anonymous_1)
FNF:1
FNH:1
FNDA:4,(anonymous_1)
DA:1,3
DA:2,3
DA:10,3
DA:11,4
LF:4
LH:4
BRF:0
BRH:0
end_of_record
